🚀 ULTRA SCANNER v3.0 (RU Edition) запущен...
📊 Проверка: 3 P2P платформ, 4 фьючерсных бирж
💰 Фокус на RUB пары: ['USDT', 'BTC', 'ETH']
--------------------------------------------------------------------------------

🔍 СКАНИРОВАНИЕ P2P (RUB)...
✅ Найдено P2P возможностей: 0

🔍 СКАНИРОВАНИЕ ФЬЮЧЕРСНОГО БАЗИСА...
✅ Найдено возможностей по базису: 5

🔍 СКАНИРОВАНИЕ ФАНДИНГ СТАВОК...
✅ Найдено фандинг возможностей: 0

🔍 СКАНИРОВАНИЕ ЛИСТИНГОВ...
✅ Найдено листингов для мониторинга: 3

🔍 СКАНИРОВАНИЕ КИТОВЫХ ПЕРЕВОДОВ...
✅ Найдено значимых движений китов: 3

🔍 СКАНИРОВАНИЕ DEX АРБИТРАЖА...
✅ Найдено DEX арбитражей: 0

🔍 СКАНИРОВАНИЕ NFT FLOOR...
✅ Найдено NFT арбитражей: 3

🔍 СКАНИРОВАНИЕ СТЕЙКИНГ APY...
✅ Найдено стейкинг возможностей: 1

🔍 СКАНИРОВАНИЕ LENDING RATES...
✅ Найдено lending возможностей: 3

🔍 СКАНИРОВАНИЕ ЛИКВИДАЦИЙ...
✅ Найдено потенциальных каскадов: 4

╔══════════════════════════════════════════════════════════════════════════════╗
║                    🇷🇺 ULTRA SCANNER v3.0 - RUSSIA EDITION 🇷🇺                 ║
║                    Полный отчет по рыночным неэффективностям                  ║
╚══════════════════════════════════════════════════════════════════════════════╝

📊 ОБЩАЯ СТАТИСТИКА:
   • Всего проверок: 48
   • Найдено возможностей: 22
   • Время сканирования: 2026-04-03 18:16:21

══════════════════════════════════════════════════════════════════════════════════
💰 ТОП P2P АРБИТРАЖ (RUB):
══════════════════════════════════════════════════════════════════════════════════

   Нет значимых P2P возможностей

══════════════════════════════════════════════════════════════════════════════════
📈 ФЬЮЧЕРСНЫЙ БАЗИС (Contango/Backwardation):
══════════════════════════════════════════════════════════════════════════════════

1. ETH на bybit: CONTANGO
   Спот: $3,018.00 | Фьючерс: $3,095.00
   Базис: 2.551% | Годовая доходность: 31.04%
   Стратегия: Long Spot + Short Future

2. ETH на binance: CONTANGO
   Спот: $3,020.00 | Фьючерс: $3,080.00
   Базис: 1.987% | Годовая доходность: 24.17%
   Стратегия: Long Spot + Short Future

3. BTC на bybit: CONTANGO
   Спот: $94,480.00 | Фьючерс: $95,800.00
   Базис: 1.397% | Годовая доходность: 17.0%
   Стратегия: Long Spot + Short Future

4. BTC на binance: CONTANGO
   Спот: $94,500.00 | Фьючерс: $95,200.00
   Базис: 0.741% | Годовая доходность: 9.01%
   Стратегия: Long Spot + Short Future

5. BTC на okx: CONTANGO
   Спот: $94,520.00 | Фьючерс: $94,900.00
   Базис: 0.402% | Годовая доходность: 4.89%
   Стратегия: Long Spot + Short Future

══════════════════════════════════════════════════════════════════════════════════
💸 ФАНДИНГ АРБИТРАЖ:
══════════════════════════════════════════════════════════════════════════════════

   Нет значимых фандинг возможностей

══════════════════════════════════════════════════════════════════════════════════
🦄 DEX АРБИТРАЖ:
══════════════════════════════════════════════════════════════════════════════════

   Нет значимых DEX возможностей

══════════════════════════════════════════════════════════════════════════════════
🎨 NFT FLOOR АРБИТРАЖ:
══════════════════════════════════════════════════════════════════════════════════

1. Pudgy Penguins: blur → looksrare
   Спред: 4.71% | Купить за: 8.5 ETH | Продать за: 8.9 ETH

2. Azuki: blur → opensea
   Спред: 3.36% | Купить за: 11.9 ETH | Продать за: 12.3 ETH

3. Bored Ape Yacht Club: blur → opensea
   Спред: 2.52% | Купить за: 27.8 ETH | Продать за: 28.5 ETH

══════════════════════════════════════════════════════════════════════════════════
💎 СТЕЙКИНГ РАЗНИЦЫ:
══════════════════════════════════════════════════════════════════════════════════

1. ETH: Лучший Rocket Pool (4.1%) vs Худший Binance (3.5%)
   Разница: 0.6% | Лок: None

══════════════════════════════════════════════════════════════════════════════════
⚠️ ПОТЕНЦИАЛЬНЫЕ КАСКАДЫ ЛИКВИДАЦИЙ:
══════════════════════════════════════════════════════════════════════════════════

1. BTC на уровне $90,000
   Лонг ликвидаций: $300,000,000 | Шорт ликвидаций: $20,000,000
   Доминирующая сторона: LONG | Риск: HIGH
   Стратегия: Watch for cascade if price approaches 90000

2. BTC на уровне $92,000
   Лонг ликвидаций: $150,000,000 | Шорт ликвидаций: $50,000,000
   Доминирующая сторона: LONG | Риск: MEDIUM
   Стратегия: Watch for cascade if price approaches 92000

3. ETH на уровне $2,800
   Лонг ликвидаций: $120,000,000 | Шорт ликвидаций: $15,000,000
   Доминирующая сторона: LONG | Риск: MEDIUM
   Стратегия: Watch for cascade if price approaches 2800

4. ETH на уровне $2,900
   Лонг ликвидаций: $80,000,000 | Шорт ликвидаций: $30,000,000
   Доминирующая сторона: LONG | Риск: MEDIUM
   Стратегия: Watch for cascade if price approaches 2900

══════════════════════════════════════════════════════════════════════════════════
🐋 КРУПНЫЕ ДВИЖЕНИЯ КИТОВ:
══════════════════════════════════════════════════════════════════════════════════

1. 5,000,000 USDT (ethereum)
   От: Unknown Wallet → В: Binance
   Время: 5 min ago | Влияние: Potential sell pressure

2. 100,000,000 TRX (tron)
   От: Justin Sun Wallet → В: Unknown
   Время: 12 min ago | Влияние: Neutral

3. 25,000 BNB (bsc)
   От: Binance Cold Wallet → В: New Wallet
   Время: 25 min ago | Влияние: Exchange rebalancing

══════════════════════════════════════════════════════════════════════════════════
📢 АНОНСЫ ЛИСТИНГОВ:
══════════════════════════════════════════════════════════════════════════════════

1. NEWCOIN на binance
   До начала торгов: 2.0 ч
   Пары: NEWCOIN/USDT, NEWCOIN/BTC
   Стратегия: Buy on DEX before listing, sell on CEX pump | Риск: High

2. AITECH на bybit
   До начала торгов: 2.0 ч
   Пары: AITECH/USDT
   Стратегия: Buy on DEX before listing, sell on CEX pump | Риск: High

3. MEMEAI на okx
   До начала торгов: 2.0 ч
   Пары: MEMEAI/USDT, MEMEAI/ETH
   Стратегия: Buy on DEX before listing, sell on CEX pump | Риск: High

══════════════════════════════════════════════════════════════════════════════════
🏦 LENDING RATES:
══════════════════════════════════════════════════════════════════════════════════

1. USDC на Aave
   Supply APY: 2.1% | Borrow APY: 3.5%
   Спред: 1.4%

2. USDC на Compound
   Supply APY: 1.8% | Borrow APY: 4.2%
   Спред: 2.4%

3. ETH на Aave
   Supply APY: 1.5% | Borrow APY: 2.8%
   Спред: 1.3%

══════════════════════════════════════════════════════════════════════════════════
📝 ДЕТАЛЬНАЯ СТАТИСТИКА ПО КАТЕГОРИЯМ:
══════════════════════════════════════════════════════════════════════════════════
   • p2p_checks: 9 проверок
   • futures_checks: 5 проверок
   • funding_checks: 6 проверок
   • listing_checks: 3 проверок
   • whale_checks: 3 проверок
   • dex_checks: 5 проверок
   • nft_checks: 3 проверок
   • staking_checks: 6 проверок
   • lending_checks: 4 проверок
   • liquidation_checks: 4 проверок

══════════════════════════════════════════════════════════════════════════════════
⚠️ ВАЖНЫЕ ЗАМЕЧАНИЯ ДЛЯ РФ:
══════════════════════════════════════════════════════════════════════════════════
   1. P2P арбитраж требует проверки лимитов банковских карт (Сбер, Тинькофф)
   2. Вывод средств с некоторых бирж может быть ограничен для резидентов РФ
   3. Используйте VPN для доступа к некоторым платформам
   4. Учитывайте комиссии за вывод и конвертацию RUB
   5. Мониторьте изменения в законодательстве о криптовалютах

══════════════════════════════════════════════════════════════════════════════════
🚀 СЛЕДУЮЩИЕ ШАГИ:
══════════════════════════════════════════════════════════════════════════════════
   1. Проверьте актуальность цен перед входом в сделку
   2. Рассчитайте точную прибыль с учетом всех комиссий
   3. Начните с малых сумм для тестирования стратегий
   4. Автоматизируйте процесс через ботов (требуется доработка)
   5. Добавьте новые категории проверок по мере необходимости

══════════════════════════════════════════════════════════════════════════════════
✅ Сканирование завершено успешно!
══════════════════════════════════════════════════════════════════════════════════


💾 Результаты сохранены в:
   • ru_scan_results.json (полные данные)
   • ru_scan_report.txt (текстовый отчет)
